[0.095s] DEBUG:colcon:Command line arguments: ['/usr/bin/colcon', 'build', '--symlink-install']
[0.095s] DEBUG:colcon:Parsed command line arguments: Namespace(log_base=None, log_level=None, verb_name='build', build_base='build', install_base='install', merge_install=False, symlink_install=True, test_result_base=None, continue_on_error=False, executor='parallel', parallel_workers=8, event_handlers=None, ignore_user_meta=False, metas=['./colcon.meta'], base_paths=['.'], packages_ignore=None, packages_ignore_regex=None, paths=None, packages_up_to=None, packages_up_to_regex=None, packages_above=None, packages_above_and_dependencies=None, packages_above_depth=None, packages_select_by_dep=None, packages_skip_by_dep=None, packages_skip_up_to=None, packages_select_build_failed=False, packages_skip_build_finished=False, packages_select_test_failures=False, packages_skip_test_passed=False, packages_select=None, packages_skip=None, packages_select_regex=None, packages_skip_regex=None, packages_start=None, packages_end=None, allow_overriding=[], cmake_args=None, cmake_target=None, cmake_target_skip_unavailable=False, cmake_clean_cache=False, cmake_clean_first=False, cmake_force_configure=False, ament_cmake_args=None, catkin_cmake_args=None, catkin_skip_building_tests=False, mixin_files=None, mixin=None, verb_parser=<colcon_mixin.mixin.mixin_argument.MixinArgumentDecorator object at 0x7651bc241f00>, verb_extension=<colcon_core.verb.build.BuildVerb object at 0x7651bc3bb700>, main=<bound method BuildVerb.main of <colcon_core.verb.build.BuildVerb object at 0x7651bc3bb700>>, mixin_verb=('build',))
[0.245s] Level 1:colcon.colcon_core.package_discovery:discover_packages(colcon_meta) check parameters
[0.245s] Level 1:colcon.colcon_core.package_discovery:discover_packages(recursive) check parameters
[0.245s] Level 1:colcon.colcon_core.package_discovery:discover_packages(ignore) check parameters
[0.245s] Level 1:colcon.colcon_core.package_discovery:discover_packages(path) check parameters
[0.245s] Level 1:colcon.colcon_core.package_discovery:discover_packages(colcon_meta) discover
[0.245s] Level 1:colcon.colcon_core.package_discovery:discover_packages(recursive) discover
[0.245s] INFO:colcon.colcon_core.package_discovery:Crawling recursively for packages in '/home/victor/entregabo_ws'
[0.245s] Level 1:colcon.colcon_core.package_identification:_identify(.) by extensions ['ignore', 'ignore_ament_install']
[0.246s] Level 1:colcon.colcon_core.package_identification:_identify(.) by extension 'ignore'
[0.246s] Level 1:colcon.colcon_core.package_identification:_identify(.) by extension 'ignore_ament_install'
[0.246s] Level 1:colcon.colcon_core.package_identification:_identify(.) by extensions ['colcon_pkg']
[0.246s] Level 1:colcon.colcon_core.package_identification:_identify(.) by extension 'colcon_pkg'
[0.246s] Level 1:colcon.colcon_core.package_identification:_identify(.) by extensions ['colcon_meta']
[0.246s] Level 1:colcon.colcon_core.package_identification:_identify(.) by extension 'colcon_meta'
[0.246s] Level 1:colcon.colcon_core.package_identification:_identify(.) by extensions ['ros']
[0.246s] Level 1:colcon.colcon_core.package_identification:_identify(.) by extension 'ros'
[0.255s] Level 1:colcon.colcon_core.package_identification:_identify(.) by extensions ['cmake', 'python']
[0.255s] Level 1:colcon.colcon_core.package_identification:_identify(.) by extension 'cmake'
[0.256s] Level 1:colcon.colcon_core.package_identification:_identify(.) by extension 'python'
[0.256s] Level 1:colcon.colcon_core.package_identification:_identify(.) by extensions ['python_setup_py']
[0.256s] Level 1:colcon.colcon_core.package_identification:_identify(.) by extension 'python_setup_py'
[0.256s] Level 1:colcon.colcon_core.package_identification:_identify(build) by extensions ['ignore', 'ignore_ament_install']
[0.256s] Level 1:colcon.colcon_core.package_identification:_identify(build) by extension 'ignore'
[0.256s] Level 1:colcon.colcon_core.package_identification:_identify(build) ignored
[0.256s] Level 1:colcon.colcon_core.package_identification:_identify(install) by extensions ['ignore', 'ignore_ament_install']
[0.256s] Level 1:colcon.colcon_core.package_identification:_identify(install) by extension 'ignore'
[0.256s] Level 1:colcon.colcon_core.package_identification:_identify(install) ignored
[0.256s] Level 1:colcon.colcon_core.package_identification:_identify(log) by extensions ['ignore', 'ignore_ament_install']
[0.256s] Level 1:colcon.colcon_core.package_identification:_identify(log) by extension 'ignore'
[0.256s] Level 1:colcon.colcon_core.package_identification:_identify(log) ignored
[0.256s] Level 1:colcon.colcon_core.package_identification:_identify(src) by extensions ['ignore', 'ignore_ament_install']
[0.257s] Level 1:colcon.colcon_core.package_identification:_identify(src) by extension 'ignore'
[0.257s] Level 1:colcon.colcon_core.package_identification:_identify(src) by extension 'ignore_ament_install'
[0.257s] Level 1:colcon.colcon_core.package_identification:_identify(src) by extensions ['colcon_pkg']
[0.257s] Level 1:colcon.colcon_core.package_identification:_identify(src) by extension 'colcon_pkg'
[0.257s] Level 1:colcon.colcon_core.package_identification:_identify(src) by extensions ['colcon_meta']
[0.257s] Level 1:colcon.colcon_core.package_identification:_identify(src) by extension 'colcon_meta'
[0.257s] Level 1:colcon.colcon_core.package_identification:_identify(src) by extensions ['ros']
[0.257s] Level 1:colcon.colcon_core.package_identification:_identify(src) by extension 'ros'
[0.257s] Level 1:colcon.colcon_core.package_identification:_identify(src) by extensions ['cmake', 'python']
[0.257s] Level 1:colcon.colcon_core.package_identification:_identify(src) by extension 'cmake'
[0.257s] Level 1:colcon.colcon_core.package_identification:_identify(src) by extension 'python'
[0.257s] Level 1:colcon.colcon_core.package_identification:_identify(src) by extensions ['python_setup_py']
[0.257s] Level 1:colcon.colcon_core.package_identification:_identify(src) by extension 'python_setup_py'
[0.257s] Level 1:colcon.colcon_core.package_identification:_identify(src/entregabo_one) by extensions ['ignore', 'ignore_ament_install']
[0.257s] Level 1:colcon.colcon_core.package_identification:_identify(src/entregabo_one) by extension 'ignore'
[0.257s] Level 1:colcon.colcon_core.package_identification:_identify(src/entregabo_one) by extension 'ignore_ament_install'
[0.257s] Level 1:colcon.colcon_core.package_identification:_identify(src/entregabo_one) by extensions ['colcon_pkg']
[0.257s] Level 1:colcon.colcon_core.package_identification:_identify(src/entregabo_one) by extension 'colcon_pkg'
[0.257s] Level 1:colcon.colcon_core.package_identification:_identify(src/entregabo_one) by extensions ['colcon_meta']
[0.257s] Level 1:colcon.colcon_core.package_identification:_identify(src/entregabo_one) by extension 'colcon_meta'
[0.258s] Level 1:colcon.colcon_core.package_identification:_identify(src/entregabo_one) by extensions ['ros']
[0.258s] Level 1:colcon.colcon_core.package_identification:_identify(src/entregabo_one) by extension 'ros'
[0.259s] DEBUG:colcon.colcon_core.package_identification:Package 'src/entregabo_one' with type 'ros.ament_cmake' and name 'entregabo_one'
[0.260s] Level 1:colcon.colcon_core.package_discovery:discover_packages(recursive) using defaults
[0.260s] Level 1:colcon.colcon_core.package_discovery:discover_packages(ignore) discover
[0.260s] Level 1:colcon.colcon_core.package_discovery:discover_packages(ignore) using defaults
[0.260s] Level 1:colcon.colcon_core.package_discovery:discover_packages(path) discover
[0.260s] Level 1:colcon.colcon_core.package_discovery:discover_packages(path) using defaults
[0.284s] Level 1:colcon.colcon_core.package_discovery:discover_packages(prefix_path) check parameters
[0.284s] Level 1:colcon.colcon_core.package_discovery:discover_packages(prefix_path) discover
[0.286s] DEBUG:colcon.colcon_installed_package_information.package_discovery:Found 290 installed packages in /opt/ros/humble
[0.287s] Level 1:colcon.colcon_core.package_discovery:discover_packages(prefix_path) using defaults
[0.321s] Level 5:colcon.colcon_core.verb:set package 'entregabo_one' build argument 'cmake_args' from command line to 'None'
[0.321s] Level 5:colcon.colcon_core.verb:set package 'entregabo_one' build argument 'cmake_target' from command line to 'None'
[0.321s] Level 5:colcon.colcon_core.verb:set package 'entregabo_one' build argument 'cmake_target_skip_unavailable' from command line to 'False'
[0.321s] Level 5:colcon.colcon_core.verb:set package 'entregabo_one' build argument 'cmake_clean_cache' from command line to 'False'
[0.321s] Level 5:colcon.colcon_core.verb:set package 'entregabo_one' build argument 'cmake_clean_first' from command line to 'False'
[0.321s] Level 5:colcon.colcon_core.verb:set package 'entregabo_one' build argument 'cmake_force_configure' from command line to 'False'
[0.321s] Level 5:colcon.colcon_core.verb:set package 'entregabo_one' build argument 'ament_cmake_args' from command line to 'None'
[0.321s] Level 5:colcon.colcon_core.verb:set package 'entregabo_one' build argument 'catkin_cmake_args' from command line to 'None'
[0.321s] Level 5:colcon.colcon_core.verb:set package 'entregabo_one' build argument 'catkin_skip_building_tests' from command line to 'False'
[0.321s] DEBUG:colcon.colcon_core.verb:Building package 'entregabo_one' with the following arguments: {'ament_cmake_args': None, 'build_base': '/home/victor/entregabo_ws/build/entregabo_one', 'catkin_cmake_args': None, 'catkin_skip_building_tests': False, 'cmake_args': None, 'cmake_clean_cache': False, 'cmake_clean_first': False, 'cmake_force_configure': False, 'cmake_target': None, 'cmake_target_skip_unavailable': False, 'install_base': '/home/victor/entregabo_ws/install/entregabo_one', 'merge_install': False, 'path': '/home/victor/entregabo_ws/src/entregabo_one', 'symlink_install': True, 'test_result_base': None}
[0.321s] INFO:colcon.colcon_core.executor:Executing jobs using 'parallel' executor
[0.322s] DEBUG:colcon.colcon_parallel_executor.executor.parallel:run_until_complete
[0.322s] INFO:colcon.colcon_ros.task.ament_cmake.build:Building ROS package in '/home/victor/entregabo_ws/src/entregabo_one' with build type 'ament_cmake'
[0.322s] INFO:colcon.colcon_cmake.task.cmake.build:Building CMake package in '/home/victor/entregabo_ws/src/entregabo_one'
[0.324s] INFO:colcon.colcon_core.plugin_system:Skipping extension 'colcon_core.shell.bat': Not used on non-Windows systems
[0.324s] INFO:colcon.colcon_core.shell:Skip shell extension 'powershell' for command environment: Not usable outside of PowerShell
[0.324s] DEBUG:colcon.colcon_core.shell:Skip shell extension 'dsv' for command environment
[0.333s] DEBUG:colcon.colcon_core.event_handler.log_command:Invoking command in '/home/victor/entregabo_ws/build/entregabo_one': CMAKE_PREFIX_PATH=/opt/ros/humble /usr/bin/cmake --build /home/victor/entregabo_ws/build/entregabo_one -- -j8 -l8
[0.365s] DEBUG:colcon.colcon_core.event_handler.log_command:Invoked command in '/home/victor/entregabo_ws/build/entregabo_one' returned '0': CMAKE_PREFIX_PATH=/opt/ros/humble /usr/bin/cmake --build /home/victor/entregabo_ws/build/entregabo_one -- -j8 -l8
[0.392s] DEBUG:colcon.colcon_core.event_handler.log_command:Invoking command in '/home/victor/entregabo_ws/build/entregabo_one': CMAKE_PREFIX_PATH=/opt/ros/humble /usr/bin/cmake --install /home/victor/entregabo_ws/build/entregabo_one
[0.411s] Level 1:colcon.colcon_core.environment:create_environment_scripts_only(entregabo_one)
[0.412s] DEBUG:colcon.colcon_core.event_handler.log_command:Invoked command in '/home/victor/entregabo_ws/build/entregabo_one' returned '0': CMAKE_PREFIX_PATH=/opt/ros/humble /usr/bin/cmake --install /home/victor/entregabo_ws/build/entregabo_one
[0.414s] Level 1:colcon.colcon_core.environment:checking '/home/victor/entregabo_ws/install/entregabo_one' for CMake module files
[0.414s] Level 1:colcon.colcon_core.environment:checking '/home/victor/entregabo_ws/install/entregabo_one' for CMake config files
[0.414s] Level 1:colcon.colcon_core.shell:create_environment_hook('entregabo_one', 'cmake_prefix_path')
[0.415s] INFO:colcon.colcon_core.shell:Creating environment hook '/home/victor/entregabo_ws/install/entregabo_one/share/entregabo_one/hook/cmake_prefix_path.ps1'
[0.415s] INFO:colcon.colcon_core.shell:Creating environment descriptor '/home/victor/entregabo_ws/install/entregabo_one/share/entregabo_one/hook/cmake_prefix_path.dsv'
[0.415s] INFO:colcon.colcon_core.shell:Creating environment hook '/home/victor/entregabo_ws/install/entregabo_one/share/entregabo_one/hook/cmake_prefix_path.sh'
[0.416s] Level 1:colcon.colcon_core.environment:checking '/home/victor/entregabo_ws/install/entregabo_one/bin'
[0.416s] Level 1:colcon.colcon_core.environment:checking '/home/victor/entregabo_ws/install/entregabo_one/lib/pkgconfig/entregabo_one.pc'
[0.416s] Level 1:colcon.colcon_core.environment:checking '/home/victor/entregabo_ws/install/entregabo_one/lib/python3.10/site-packages'
[0.417s] Level 1:colcon.colcon_core.environment:checking '/home/victor/entregabo_ws/install/entregabo_one/bin'
[0.417s] INFO:colcon.colcon_core.shell:Creating package script '/home/victor/entregabo_ws/install/entregabo_one/share/entregabo_one/package.ps1'
[0.417s] INFO:colcon.colcon_core.shell:Creating package descriptor '/home/victor/entregabo_ws/install/entregabo_one/share/entregabo_one/package.dsv'
[0.418s] INFO:colcon.colcon_core.shell:Creating package script '/home/victor/entregabo_ws/install/entregabo_one/share/entregabo_one/package.sh'
[0.418s] INFO:colcon.colcon_core.shell:Creating package script '/home/victor/entregabo_ws/install/entregabo_one/share/entregabo_one/package.bash'
[0.419s] INFO:colcon.colcon_core.shell:Creating package script '/home/victor/entregabo_ws/install/entregabo_one/share/entregabo_one/package.zsh'
[0.419s] Level 1:colcon.colcon_core.environment:create_file_with_runtime_dependencies(/home/victor/entregabo_ws/install/entregabo_one/share/colcon-core/packages/entregabo_one)
[0.439s] Level 1:colcon.colcon_core.environment:create_environment_scripts_only(entregabo_one)
[0.440s] Level 1:colcon.colcon_core.environment:checking '/home/victor/entregabo_ws/install/entregabo_one' for CMake module files
[0.440s] Level 1:colcon.colcon_core.environment:checking '/home/victor/entregabo_ws/install/entregabo_one' for CMake config files
[0.440s] Level 1:colcon.colcon_core.shell:create_environment_hook('entregabo_one', 'cmake_prefix_path')
[0.441s] INFO:colcon.colcon_core.shell:Creating environment hook '/home/victor/entregabo_ws/install/entregabo_one/share/entregabo_one/hook/cmake_prefix_path.ps1'
[0.441s] INFO:colcon.colcon_core.shell:Creating environment descriptor '/home/victor/entregabo_ws/install/entregabo_one/share/entregabo_one/hook/cmake_prefix_path.dsv'
[0.441s] INFO:colcon.colcon_core.shell:Creating environment hook '/home/victor/entregabo_ws/install/entregabo_one/share/entregabo_one/hook/cmake_prefix_path.sh'
[0.442s] Level 1:colcon.colcon_core.environment:checking '/home/victor/entregabo_ws/install/entregabo_one/bin'
[0.442s] Level 1:colcon.colcon_core.environment:checking '/home/victor/entregabo_ws/install/entregabo_one/lib/pkgconfig/entregabo_one.pc'
[0.442s] Level 1:colcon.colcon_core.environment:checking '/home/victor/entregabo_ws/install/entregabo_one/lib/python3.10/site-packages'
[0.442s] Level 1:colcon.colcon_core.environment:checking '/home/victor/entregabo_ws/install/entregabo_one/bin'
[0.442s] INFO:colcon.colcon_core.shell:Creating package script '/home/victor/entregabo_ws/install/entregabo_one/share/entregabo_one/package.ps1'
[0.443s] INFO:colcon.colcon_core.shell:Creating package descriptor '/home/victor/entregabo_ws/install/entregabo_one/share/entregabo_one/package.dsv'
[0.443s] INFO:colcon.colcon_core.shell:Creating package script '/home/victor/entregabo_ws/install/entregabo_one/share/entregabo_one/package.sh'
[0.444s] INFO:colcon.colcon_core.shell:Creating package script '/home/victor/entregabo_ws/install/entregabo_one/share/entregabo_one/package.bash'
[0.444s] INFO:colcon.colcon_core.shell:Creating package script '/home/victor/entregabo_ws/install/entregabo_one/share/entregabo_one/package.zsh'
[0.444s] Level 1:colcon.colcon_core.environment:create_file_with_runtime_dependencies(/home/victor/entregabo_ws/install/entregabo_one/share/colcon-core/packages/entregabo_one)
[0.444s] DEBUG:colcon.colcon_parallel_executor.executor.parallel:closing loop
[0.445s] DEBUG:colcon.colcon_parallel_executor.executor.parallel:loop closed
[0.445s] DEBUG:colcon.colcon_parallel_executor.executor.parallel:run_until_complete finished with '0'
[0.445s] DEBUG:colcon.colcon_core.event_reactor:joining thread
[0.450s] INFO:colcon.colcon_core.plugin_system:Skipping extension 'colcon_notification.desktop_notification.terminal_notifier': Not used on non-Darwin systems
[0.450s] INFO:colcon.colcon_core.plugin_system:Skipping extension 'colcon_notification.desktop_notification.win32': Not used on non-Windows systems
[0.450s] INFO:colcon.colcon_notification.desktop_notification:Sending desktop notification using 'notify2'
[0.459s] DEBUG:colcon.colcon_core.event_reactor:joined thread
[0.459s] INFO:colcon.colcon_core.shell:Creating prefix script '/home/victor/entregabo_ws/install/local_setup.ps1'
[0.460s] INFO:colcon.colcon_core.shell:Creating prefix util module '/home/victor/entregabo_ws/install/_local_setup_util_ps1.py'
[0.461s] INFO:colcon.colcon_core.shell:Creating prefix chain script '/home/victor/entregabo_ws/install/setup.ps1'
[0.462s] INFO:colcon.colcon_core.shell:Creating prefix script '/home/victor/entregabo_ws/install/local_setup.sh'
[0.462s] INFO:colcon.colcon_core.shell:Creating prefix util module '/home/victor/entregabo_ws/install/_local_setup_util_sh.py'
[0.463s] INFO:colcon.colcon_core.shell:Creating prefix chain script '/home/victor/entregabo_ws/install/setup.sh'
[0.464s] INFO:colcon.colcon_core.shell:Creating prefix script '/home/victor/entregabo_ws/install/local_setup.bash'
[0.464s] INFO:colcon.colcon_core.shell:Creating prefix chain script '/home/victor/entregabo_ws/install/setup.bash'
[0.465s] INFO:colcon.colcon_core.shell:Creating prefix script '/home/victor/entregabo_ws/install/local_setup.zsh'
[0.465s] INFO:colcon.colcon_core.shell:Creating prefix chain script '/home/victor/entregabo_ws/install/setup.zsh'
