[0.009s] Invoking command in '/home/victor/entregabo_ws/build/entregabo_one': CMAKE_PREFIX_PATH=/opt/ros/humble /usr/bin/cmake /home/victor/entregabo_ws/src/entregabo_one -DCMAKE_INSTALL_PREFIX=/home/victor/entregabo_ws/install/entregabo_one
[0.019s] -- Found ament_cmake: 1.3.0 (/usr/share/ament_cmake/cmake)
[0.138s] -- Override CMake install command with custom implementation using symlinks instead of copying resources
[0.146s] -- Found ament_lint_auto: 0.12.10 (/opt/ros/humble/share/ament_lint_auto/cmake)
[0.227s] -- Added test 'copyright' to check source files copyright and LICENSE
[0.236s] -- Added test 'flake8' to check Python code syntax and style conventions
[0.238s] -- Added test 'lint_cmake' to check CMake code style
[0.239s] -- Added test 'pep257' to check Python code against some of the docstring style conventions in PEP 257
[0.243s] -- Added test 'xmllint' to check XML markup files
[0.244s] -- Configuring done
[0.247s] -- Generating done
[0.247s] -- Build files have been written to: /home/victor/entregabo_ws/build/entregabo_one
[0.250s] Invoked command in '/home/victor/entregabo_ws/build/entregabo_one' returned '0': CMAKE_PREFIX_PATH=/opt/ros/humble /usr/bin/cmake /home/victor/entregabo_ws/src/entregabo_one -DCMAKE_INSTALL_PREFIX=/home/victor/entregabo_ws/install/entregabo_one
[0.252s] Invoking command in '/home/victor/entregabo_ws/build/entregabo_one': CMAKE_PREFIX_PATH=/opt/ros/humble /usr/bin/cmake --build /home/victor/entregabo_ws/build/entregabo_one -- -j8 -l8
[0.284s] Invoked command in '/home/victor/entregabo_ws/build/entregabo_one' returned '0': CMAKE_PREFIX_PATH=/opt/ros/humble /usr/bin/cmake --build /home/victor/entregabo_ws/build/entregabo_one -- -j8 -l8
[0.311s] Invoking command in '/home/victor/entregabo_ws/build/entregabo_one': CMAKE_PREFIX_PATH=/opt/ros/humble /usr/bin/cmake --install /home/victor/entregabo_ws/build/entregabo_one
[0.318s] -- Install configuration: ""
[0.318s] -- Execute custom install script
[0.319s] -- Symlinking: /home/victor/entregabo_ws/install/entregabo_one/share/entregabo_one/config/empty.yaml
[0.327s] -- Symlinking: /home/victor/entregabo_ws/install/entregabo_one/share/entregabo_one/config/mapper_params_online_async.yaml
[0.335s] -- Symlinking: /home/victor/entregabo_ws/install/entregabo_one/share/entregabo_one/description/robot.urdf.xacro
[0.344s] -- Symlinking: /home/victor/entregabo_ws/install/entregabo_one/share/entregabo_one/launch/rsp.launch.py
[0.351s] -- Symlinking: /home/victor/entregabo_ws/install/entregabo_one/share/entregabo_one/worlds/empty.world
[0.360s] -- Symlinking: /home/victor/entregabo_ws/install/entregabo_one/share/ament_index/resource_index/package_run_dependencies/entregabo_one
[0.367s] -- Symlinking: /home/victor/entregabo_ws/install/entregabo_one/share/ament_index/resource_index/parent_prefix_path/entregabo_one
[0.376s] -- Symlinking: /home/victor/entregabo_ws/install/entregabo_one/share/entregabo_one/environment/ament_prefix_path.sh
[0.383s] -- Symlinking: /home/victor/entregabo_ws/install/entregabo_one/share/entregabo_one/environment/ament_prefix_path.dsv
[0.391s] -- Symlinking: /home/victor/entregabo_ws/install/entregabo_one/share/entregabo_one/environment/path.sh
[0.399s] -- Symlinking: /home/victor/entregabo_ws/install/entregabo_one/share/entregabo_one/environment/path.dsv
[0.407s] -- Symlinking: /home/victor/entregabo_ws/install/entregabo_one/share/entregabo_one/local_setup.bash
[0.415s] -- Symlinking: /home/victor/entregabo_ws/install/entregabo_one/share/entregabo_one/local_setup.sh
[0.423s] -- Symlinking: /home/victor/entregabo_ws/install/entregabo_one/share/entregabo_one/local_setup.zsh
[0.432s] -- Symlinking: /home/victor/entregabo_ws/install/entregabo_one/share/entregabo_one/local_setup.dsv
[0.440s] -- Symlinking: /home/victor/entregabo_ws/install/entregabo_one/share/entregabo_one/package.dsv
[0.448s] -- Symlinking: /home/victor/entregabo_ws/install/entregabo_one/share/ament_index/resource_index/packages/entregabo_one
[0.456s] -- Symlinking: /home/victor/entregabo_ws/install/entregabo_one/share/entregabo_one/cmake/entregabo_oneConfig.cmake
[0.464s] -- Symlinking: /home/victor/entregabo_ws/install/entregabo_one/share/entregabo_one/cmake/entregabo_oneConfig-version.cmake
[0.472s] -- Symlinking: /home/victor/entregabo_ws/install/entregabo_one/share/entregabo_one/package.xml
[0.482s] Invoked command in '/home/victor/entregabo_ws/build/entregabo_one' returned '0': CMAKE_PREFIX_PATH=/opt/ros/humble /usr/bin/cmake --install /home/victor/entregabo_ws/build/entregabo_one
