[0.007s] Invoking command in '/home/victor/entregabo_ws/build/entregabo_one': /usr/bin/cmake /home/victor/entregabo_ws/src/entregabo_one -DAMENT_CMAKE_SYMLINK_INSTALL=1 -DCMAKE_INSTALL_PREFIX=/home/victor/entregabo_ws/install/entregabo_one
[0.173s] -- The C compiler identification is GNU 11.4.0
[0.334s] -- The CXX compiler identification is GNU 11.4.0
[0.344s] -- Detecting C compiler ABI info
[0.406s] -- Detecting C compiler ABI info - done
[0.413s] -- Check for working C compiler: /usr/bin/cc - skipped
[0.414s] -- Detecting C compile features
[0.414s] -- Detecting C compile features - done
[0.418s] -- Detecting CXX compiler ABI info
[0.490s] -- Detecting CXX compiler ABI info - done
[0.496s] -- Check for working CXX compiler: /usr/bin/c++ - skipped
[0.497s] -- Detecting CXX compile features
[0.497s] -- Detecting CXX compile features - done
[0.506s] [31mCMake Error at CMakeLists.txt:19 (find_package):
[0.507s]   By not providing "Findament_cmake.cmake" in CMAKE_MODULE_PATH this project
[0.507s]   has asked CMake to find a package configuration file provided by
[0.507s]   "ament_cmake", but CMake did not find one.
[0.507s] 
[0.507s]   Could not find a package configuration file provided by "ament_cmake" with
[0.507s]   any of the following names:
[0.507s] 
[0.507s]     ament_cmakeConfig.cmake
[0.507s]     ament_cmake-config.cmake
[0.507s] 
[0.507s]   Add the installation prefix of "ament_cmake" to CMAKE_PREFIX_PATH or set
[0.507s]   "ament_cmake_DIR" to a directory containing one of the above files.  If
[0.507s]   "ament_cmake" provides a separate development package or SDK, be sure it
[0.507s]   has been installed.
[0.507s] 
[0.507s] [0m
[0.507s] -- Configuring incomplete, errors occurred!
[0.507s] See also "/home/victor/entregabo_ws/build/entregabo_one/CMakeFiles/CMakeOutput.log".
[0.510s] Invoked command in '/home/victor/entregabo_ws/build/entregabo_one' returned '1': /usr/bin/cmake /home/victor/entregabo_ws/src/entregabo_one -DAMENT_CMAKE_SYMLINK_INSTALL=1 -DCMAKE_INSTALL_PREFIX=/home/victor/entregabo_ws/install/entregabo_one
