[0.004s] Invoking command in '/home/victor/entregabo_ws/build/entregabo_one': CMAKE_PREFIX_PATH=/opt/ros/humble /usr/bin/cmake /home/victor/entregabo_ws/src/entregabo_one -DAMENT_CMAKE_SYMLINK_INSTALL=1 -DCMAKE_INSTALL_PREFIX=/home/victor/entregabo_ws/install/entregabo_one
[0.015s] -- Found ament_cmake: 1.3.0 (/usr/share/ament_cmake/cmake)
[0.132s] -- Override CMake install command with custom implementation using symlinks instead of copying resources
[0.139s] -- Found ament_lint_auto: 0.12.10 (/opt/ros/humble/share/ament_lint_auto/cmake)
[0.197s] -- Added test 'copyright' to check source files copyright and LICENSE
[0.204s] -- Added test 'flake8' to check Python code syntax and style conventions
[0.205s] -- Added test 'lint_cmake' to check CMake code style
[0.205s] -- Added test 'pep257' to check Python code against some of the docstring style conventions in PEP 257
[0.209s] -- Added test 'xmllint' to check XML markup files
[0.209s] -- Configuring done
[0.212s] -- Generating done
[0.213s] -- Build files have been written to: /home/victor/entregabo_ws/build/entregabo_one
[0.216s] Invoked command in '/home/victor/entregabo_ws/build/entregabo_one' returned '0': CMAKE_PREFIX_PATH=/opt/ros/humble /usr/bin/cmake /home/victor/entregabo_ws/src/entregabo_one -DAMENT_CMAKE_SYMLINK_INSTALL=1 -DCMAKE_INSTALL_PREFIX=/home/victor/entregabo_ws/install/entregabo_one
[0.217s] Invoking command in '/home/victor/entregabo_ws/build/entregabo_one': CMAKE_PREFIX_PATH=/opt/ros/humble /usr/bin/cmake --build /home/victor/entregabo_ws/build/entregabo_one -- -j8 -l8
[0.250s] Invoked command in '/home/victor/entregabo_ws/build/entregabo_one' returned '0': CMAKE_PREFIX_PATH=/opt/ros/humble /usr/bin/cmake --build /home/victor/entregabo_ws/build/entregabo_one -- -j8 -l8
[0.278s] Invoking command in '/home/victor/entregabo_ws/build/entregabo_one': CMAKE_PREFIX_PATH=/opt/ros/humble /usr/bin/cmake --install /home/victor/entregabo_ws/build/entregabo_one
[0.284s] -- Install configuration: ""
[0.284s] -- Execute custom install script
[0.285s] -- Up-to-date symlink: /home/victor/entregabo_ws/install/entregabo_one/share/entregabo_one/config/empty.yaml
[0.285s] -- Up-to-date symlink: /home/victor/entregabo_ws/install/entregabo_one/share/entregabo_one/config/mapper_params_online_async.yaml
[0.285s] -- Up-to-date symlink: /home/victor/entregabo_ws/install/entregabo_one/share/entregabo_one/description/robot.urdf.xacro
[0.285s] -- Up-to-date symlink: /home/victor/entregabo_ws/install/entregabo_one/share/entregabo_one/launch/rsp.launch.py
[0.285s] -- Up-to-date symlink: /home/victor/entregabo_ws/install/entregabo_one/share/entregabo_one/worlds/empty.world
[0.285s] -- Up-to-date symlink: /home/victor/entregabo_ws/install/entregabo_one/share/ament_index/resource_index/package_run_dependencies/entregabo_one
[0.286s] -- Up-to-date symlink: /home/victor/entregabo_ws/install/entregabo_one/share/ament_index/resource_index/parent_prefix_path/entregabo_one
[0.286s] -- Up-to-date symlink: /home/victor/entregabo_ws/install/entregabo_one/share/entregabo_one/environment/ament_prefix_path.sh
[0.286s] -- Up-to-date symlink: /home/victor/entregabo_ws/install/entregabo_one/share/entregabo_one/environment/ament_prefix_path.dsv
[0.286s] -- Up-to-date symlink: /home/victor/entregabo_ws/install/entregabo_one/share/entregabo_one/environment/path.sh
[0.286s] -- Up-to-date symlink: /home/victor/entregabo_ws/install/entregabo_one/share/entregabo_one/environment/path.dsv
[0.286s] -- Up-to-date symlink: /home/victor/entregabo_ws/install/entregabo_one/share/entregabo_one/local_setup.bash
[0.286s] -- Up-to-date symlink: /home/victor/entregabo_ws/install/entregabo_one/share/entregabo_one/local_setup.sh
[0.286s] -- Up-to-date symlink: /home/victor/entregabo_ws/install/entregabo_one/share/entregabo_one/local_setup.zsh
[0.287s] -- Up-to-date symlink: /home/victor/entregabo_ws/install/entregabo_one/share/entregabo_one/local_setup.dsv
[0.287s] -- Symlinking: /home/victor/entregabo_ws/install/entregabo_one/share/entregabo_one/package.dsv
[0.295s] -- Up-to-date symlink: /home/victor/entregabo_ws/install/entregabo_one/share/ament_index/resource_index/packages/entregabo_one
[0.295s] -- Up-to-date symlink: /home/victor/entregabo_ws/install/entregabo_one/share/entregabo_one/cmake/entregabo_oneConfig.cmake
[0.295s] -- Up-to-date symlink: /home/victor/entregabo_ws/install/entregabo_one/share/entregabo_one/cmake/entregabo_oneConfig-version.cmake
[0.295s] -- Up-to-date symlink: /home/victor/entregabo_ws/install/entregabo_one/share/entregabo_one/package.xml
[0.297s] Invoked command in '/home/victor/entregabo_ws/build/entregabo_one' returned '0': CMAKE_PREFIX_PATH=/opt/ros/humble /usr/bin/cmake --install /home/victor/entregabo_ws/build/entregabo_one
