[0.010s] Invoking command in '/home/victor/entregabo_ws/build/entregabo_one': CMAKE_PREFIX_PATH=${CMAKE_PREFIX_PATH}:/opt/ros/humble /usr/bin/cmake /home/victor/entregabo_ws/src/entregabo_one -DCMAKE_INSTALL_PREFIX=/home/victor/entregabo_ws/install/entregabo_one
[0.025s] -- Found ament_cmake: 1.3.0 (/usr/share/ament_cmake/cmake)
[0.152s] -- Override CMake install command with custom implementation using symlinks instead of copying resources
[0.166s] -- Found ament_lint_auto: 0.12.10 (/opt/ros/humble/share/ament_lint_auto/cmake)
[0.236s] -- Added test 'copyright' to check source files copyright and LICENSE
[0.247s] -- Added test 'flake8' to check Python code syntax and style conventions
[0.248s] -- Added test 'lint_cmake' to check CMake code style
[0.249s] -- Added test 'pep257' to check Python code against some of the docstring style conventions in PEP 257
[0.254s] -- Added test 'xmllint' to check XML markup files
[0.256s] -- Configuring done
[0.262s] -- Generating done
[0.263s] -- Build files have been written to: /home/victor/entregabo_ws/build/entregabo_one
[0.265s] Invoked command in '/home/victor/entregabo_ws/build/entregabo_one' returned '0': CMAKE_PREFIX_PATH=${CMAKE_PREFIX_PATH}:/opt/ros/humble /usr/bin/cmake /home/victor/entregabo_ws/src/entregabo_one -DCMAKE_INSTALL_PREFIX=/home/victor/entregabo_ws/install/entregabo_one
[0.267s] Invoking command in '/home/victor/entregabo_ws/build/entregabo_one': CMAKE_PREFIX_PATH=${CMAKE_PREFIX_PATH}:/opt/ros/humble /usr/bin/cmake --build /home/victor/entregabo_ws/build/entregabo_one -- -j8 -l8
[0.299s] Invoked command in '/home/victor/entregabo_ws/build/entregabo_one' returned '0': CMAKE_PREFIX_PATH=${CMAKE_PREFIX_PATH}:/opt/ros/humble /usr/bin/cmake --build /home/victor/entregabo_ws/build/entregabo_one -- -j8 -l8
[0.328s] Invoking command in '/home/victor/entregabo_ws/build/entregabo_one': CMAKE_PREFIX_PATH=${CMAKE_PREFIX_PATH}:/opt/ros/humble /usr/bin/cmake --install /home/victor/entregabo_ws/build/entregabo_one
[0.335s] -- Install configuration: ""
[0.335s] -- Execute custom install script
[0.335s] -- Up-to-date symlink: /home/victor/entregabo_ws/install/entregabo_one/share/entregabo_one/config/empty.yaml
[0.336s] -- Up-to-date symlink: /home/victor/entregabo_ws/install/entregabo_one/share/entregabo_one/config/mapper_params_online_async.yaml
[0.336s] -- Up-to-date symlink: /home/victor/entregabo_ws/install/entregabo_one/share/entregabo_one/config/view_entregabo.rviz
[0.336s] -- Up-to-date symlink: /home/victor/entregabo_ws/install/entregabo_one/share/entregabo_one/description/gazebo_control.xacro
[0.336s] -- Up-to-date symlink: /home/victor/entregabo_ws/install/entregabo_one/share/entregabo_one/description/inertial_macros.xacro
[0.336s] -- Up-to-date symlink: /home/victor/entregabo_ws/install/entregabo_one/share/entregabo_one/description/lidar.xacro
[0.337s] -- Up-to-date symlink: /home/victor/entregabo_ws/install/entregabo_one/share/entregabo_one/description/robot.urdf.xacro
[0.337s] -- Up-to-date symlink: /home/victor/entregabo_ws/install/entregabo_one/share/entregabo_one/description/robot_core.xacro
[0.337s] -- Up-to-date symlink: /home/victor/entregabo_ws/install/entregabo_one/share/entregabo_one/launch/launch_sim.launch.py
[0.337s] -- Up-to-date symlink: /home/victor/entregabo_ws/install/entregabo_one/share/entregabo_one/launch/rsp.launch.py
[0.337s] -- Up-to-date symlink: /home/victor/entregabo_ws/install/entregabo_one/share/entregabo_one/worlds/empty.world
[0.337s] -- Up-to-date symlink: /home/victor/entregabo_ws/install/entregabo_one/share/ament_index/resource_index/package_run_dependencies/entregabo_one
[0.338s] -- Up-to-date symlink: /home/victor/entregabo_ws/install/entregabo_one/share/ament_index/resource_index/parent_prefix_path/entregabo_one
[0.338s] -- Up-to-date symlink: /home/victor/entregabo_ws/install/entregabo_one/share/entregabo_one/environment/ament_prefix_path.sh
[0.338s] -- Up-to-date symlink: /home/victor/entregabo_ws/install/entregabo_one/share/entregabo_one/environment/ament_prefix_path.dsv
[0.338s] -- Up-to-date symlink: /home/victor/entregabo_ws/install/entregabo_one/share/entregabo_one/environment/path.sh
[0.338s] -- Up-to-date symlink: /home/victor/entregabo_ws/install/entregabo_one/share/entregabo_one/environment/path.dsv
[0.339s] -- Up-to-date symlink: /home/victor/entregabo_ws/install/entregabo_one/share/entregabo_one/local_setup.bash
[0.339s] -- Up-to-date symlink: /home/victor/entregabo_ws/install/entregabo_one/share/entregabo_one/local_setup.sh
[0.339s] -- Up-to-date symlink: /home/victor/entregabo_ws/install/entregabo_one/share/entregabo_one/local_setup.zsh
[0.339s] -- Up-to-date symlink: /home/victor/entregabo_ws/install/entregabo_one/share/entregabo_one/local_setup.dsv
[0.339s] -- Symlinking: /home/victor/entregabo_ws/install/entregabo_one/share/entregabo_one/package.dsv
[0.348s] -- Up-to-date symlink: /home/victor/entregabo_ws/install/entregabo_one/share/ament_index/resource_index/packages/entregabo_one
[0.349s] -- Up-to-date symlink: /home/victor/entregabo_ws/install/entregabo_one/share/entregabo_one/cmake/entregabo_oneConfig.cmake
[0.349s] -- Up-to-date symlink: /home/victor/entregabo_ws/install/entregabo_one/share/entregabo_one/cmake/entregabo_oneConfig-version.cmake
[0.349s] -- Up-to-date symlink: /home/victor/entregabo_ws/install/entregabo_one/share/entregabo_one/package.xml
[0.351s] Invoked command in '/home/victor/entregabo_ws/build/entregabo_one' returned '0': CMAKE_PREFIX_PATH=${CMAKE_PREFIX_PATH}:/opt/ros/humble /usr/bin/cmake --install /home/victor/entregabo_ws/build/entregabo_one
